INFO:root:Data loading and transformation
INFO:root:The count of rows = patient_name    3417
obs_code        3417
obs_name        3417
obs_date        3417
obs_value       3417
obs_unit        3407
dtype: int64
INFO:werkzeug: * Running on http://127.0.0.1:5000/ (Press CTRL+C to quit)
INFO:werkzeug:127.0.0.1 - - [07/May/2020 12:57:54] "[37mPOST /receiver HTTP/1.1[0m" 200 -
INFO:werkzeug:127.0.0.1 - - [07/May/2020 12:59:21] "[37mPOST /receiver HTTP/1.1[0m" 200 -
INFO:werkzeug:127.0.0.1 - - [07/May/2020 12:59:30] "[37mPOST /receiver HTTP/1.1[0m" 200 -
INFO:werkzeug:127.0.0.1 - - [07/May/2020 13:00:23] "[37mPOST /receiver HTTP/1.1[0m" 200 -
INFO:root:Data loading and transformation
INFO:root:The count of rows = patient_name    3417
obs_code        3417
obs_name        3417
obs_date        3417
obs_value       3417
obs_unit        3407
dtype: int64
INFO:root:The column names are Index(['patient_name', 'obs_code', 'obs_name', 'obs_date', 'obs_value',
       'obs_unit'],
      dtype='object')
INFO:root:The transformed column names Index(['Abuse Status [OMAHA]', 'American house dust mite IgE Ab in Serum',
       'Are you covered by health insurance or some other kind of health care plan [PhenX]',
       'Blood Pressure', 'Body Height', 'Body Mass Index', 'Body Weight',
       'Calcium', 'Carbon Dioxide', 'Cat dander IgE Ab in Serum',
       'Cause of Death [US Standard Certificate of Death]', 'Chloride',
       'Cladosporium herbarum IgE Ab in Serum', 'Codfish IgE Ab in Serum',
       'Common Ragweed IgE Ab in Serum', 'Cow milk IgE Ab in Serum',
       'Creatinine', 'Egg white IgE Ab in Serum',
       'Estimated Glomerular Filtration Rate', 'FEV1_​FVC', 'Glucose',
       'HIV status', 'Hemoglobin A1c_Hemoglobin_total in Blood',
       'Hemoglobin_gastrointestinal [Presence] in Stool by Immunologic method',
       'High Density Lipoprotein Cholesterol',
       'History of Hospitalizations+​Outpatient visits',
       'Honey bee IgE Ab in Serum', 'Housing status', 'Latex IgE Ab in Serum',
       'Low Density Lipoprotein Cholesterol', 'Microalbumin Creatine Ratio',
       'Oral temperature', 'Peanut IgE Ab in Serum',
       'Percentage area affected by eczema Head and Neck',
       'Percentage area affected by eczema Lower extremitiy - bilateral',
       'Percentage area affected by eczema Trunk',
       'Percentage area affected by eczema Upper extremitiy - bilateral',
       'Polyp size greatest dimension by CAP cancer protocols', 'Potassium',
       'Sexual orientation', 'Shrimp IgE Ab in Serum', 'Sodium',
       'Soybean IgE Ab in Serum', 'Total Cholesterol', 'Total score [MMSE]',
       'Triglycerides', 'Urea Nitrogen', 'Walnut IgE Ab in Serum',
       'Wheat IgE Ab in Serum', 'White oak IgE Ab in Serum'],
      dtype='object', name='obs_name')
INFO:root:Count of rows for modeling obs_name
Blood Pressure                              83
Body Height                                 83
Body Weight                                 83
Body Mass Index                             80
High Density Lipoprotein Cholesterol        49
Low Density Lipoprotein Cholesterol         49
Triglycerides                               49
Total Cholesterol                           49
Oral temperature                            33
Hemoglobin A1c_Hemoglobin_total in Blood    17
Creatinine                                  17
dtype: int64
INFO:root:Besst model XGBRegressor(base_score=0.5, booster='gblinear', colsample_bylevel=1,
             colsample_bynode=1, colsample_bytree=1, gamma=0,
             importance_type='gain', learning_rate=0.1, max_delta_step=0,
             max_depth=2, min_child_weight=1, missing=None, n_estimators=200,
             n_jobs=1, nthread=None, objective='reg:squarederror',
             random_state=0, reg_alpha=0, reg_lambda=1, scale_pos_weight=1,
             seed=None, silent=None, subsample=0.1, verbosity=1)
INFO:werkzeug: * Running on http://127.0.0.1:5000/ (Press CTRL+C to quit)
INFO:werkzeug:127.0.0.1 - - [07/May/2020 13:14:45] "[37mPOST /receiver HTTP/1.1[0m" 200 -
INFO:root:07/05/2020 13:24:21Data loading and transformation
INFO:root:The count of rows = patient_name    3417
obs_code        3417
obs_name        3417
obs_date        3417
obs_value       3417
obs_unit        3407
dtype: int64
INFO:root:The column names are Index(['patient_name', 'obs_code', 'obs_name', 'obs_date', 'obs_value',
       'obs_unit'],
      dtype='object')
INFO:root:The transformed column names Index(['Abuse Status [OMAHA]', 'American house dust mite IgE Ab in Serum',
       'Are you covered by health insurance or some other kind of health care plan [PhenX]',
       'Blood Pressure', 'Body Height', 'Body Mass Index', 'Body Weight',
       'Calcium', 'Carbon Dioxide', 'Cat dander IgE Ab in Serum',
       'Cause of Death [US Standard Certificate of Death]', 'Chloride',
       'Cladosporium herbarum IgE Ab in Serum', 'Codfish IgE Ab in Serum',
       'Common Ragweed IgE Ab in Serum', 'Cow milk IgE Ab in Serum',
       'Creatinine', 'Egg white IgE Ab in Serum',
       'Estimated Glomerular Filtration Rate', 'FEV1_​FVC', 'Glucose',
       'HIV status', 'Hemoglobin A1c_Hemoglobin_total in Blood',
       'Hemoglobin_gastrointestinal [Presence] in Stool by Immunologic method',
       'High Density Lipoprotein Cholesterol',
       'History of Hospitalizations+​Outpatient visits',
       'Honey bee IgE Ab in Serum', 'Housing status', 'Latex IgE Ab in Serum',
       'Low Density Lipoprotein Cholesterol', 'Microalbumin Creatine Ratio',
       'Oral temperature', 'Peanut IgE Ab in Serum',
       'Percentage area affected by eczema Head and Neck',
       'Percentage area affected by eczema Lower extremitiy - bilateral',
       'Percentage area affected by eczema Trunk',
       'Percentage area affected by eczema Upper extremitiy - bilateral',
       'Polyp size greatest dimension by CAP cancer protocols', 'Potassium',
       'Sexual orientation', 'Shrimp IgE Ab in Serum', 'Sodium',
       'Soybean IgE Ab in Serum', 'Total Cholesterol', 'Total score [MMSE]',
       'Triglycerides', 'Urea Nitrogen', 'Walnut IgE Ab in Serum',
       'Wheat IgE Ab in Serum', 'White oak IgE Ab in Serum'],
      dtype='object', name='obs_name')
INFO:root:Count of rows for modeling obs_name
Blood Pressure                              83
Body Height                                 83
Body Weight                                 83
Body Mass Index                             80
High Density Lipoprotein Cholesterol        49
Low Density Lipoprotein Cholesterol         49
Triglycerides                               49
Total Cholesterol                           49
Oral temperature                            33
Hemoglobin A1c_Hemoglobin_total in Blood    17
Creatinine                                  17
dtype: int64
INFO:root:Besst model XGBRegressor(base_score=0.5, booster='gblinear', colsample_bylevel=1,
             colsample_bynode=1, colsample_bytree=1, gamma=0,
             importance_type='gain', learning_rate=0.1, max_delta_step=0,
             max_depth=2, min_child_weight=1, missing=None, n_estimators=200,
             n_jobs=1, nthread=None, objective='reg:squarederror',
             random_state=0, reg_alpha=0, reg_lambda=1, scale_pos_weight=1,
             seed=None, silent=None, subsample=0.1, verbosity=1)
INFO:werkzeug: * Running on http://127.0.0.1:5000/ (Press CTRL+C to quit)
INFO:root:51.17188262939453
INFO:werkzeug:127.0.0.1 - - [07/May/2020 13:24:36] "[37mPOST /receiver HTTP/1.1[0m" 200 -
INFO:root:************ 07/05/2020 13:25:46 Data loading and transformation
INFO:root:The count of rows = patient_name    3417
obs_code        3417
obs_name        3417
obs_date        3417
obs_value       3417
obs_unit        3407
dtype: int64
INFO:root:The column names are Index(['patient_name', 'obs_code', 'obs_name', 'obs_date', 'obs_value',
       'obs_unit'],
      dtype='object')
INFO:root:The transformed column names Index(['Abuse Status [OMAHA]', 'American house dust mite IgE Ab in Serum',
       'Are you covered by health insurance or some other kind of health care plan [PhenX]',
       'Blood Pressure', 'Body Height', 'Body Mass Index', 'Body Weight',
       'Calcium', 'Carbon Dioxide', 'Cat dander IgE Ab in Serum',
       'Cause of Death [US Standard Certificate of Death]', 'Chloride',
       'Cladosporium herbarum IgE Ab in Serum', 'Codfish IgE Ab in Serum',
       'Common Ragweed IgE Ab in Serum', 'Cow milk IgE Ab in Serum',
       'Creatinine', 'Egg white IgE Ab in Serum',
       'Estimated Glomerular Filtration Rate', 'FEV1_​FVC', 'Glucose',
       'HIV status', 'Hemoglobin A1c_Hemoglobin_total in Blood',
       'Hemoglobin_gastrointestinal [Presence] in Stool by Immunologic method',
       'High Density Lipoprotein Cholesterol',
       'History of Hospitalizations+​Outpatient visits',
       'Honey bee IgE Ab in Serum', 'Housing status', 'Latex IgE Ab in Serum',
       'Low Density Lipoprotein Cholesterol', 'Microalbumin Creatine Ratio',
       'Oral temperature', 'Peanut IgE Ab in Serum',
       'Percentage area affected by eczema Head and Neck',
       'Percentage area affected by eczema Lower extremitiy - bilateral',
       'Percentage area affected by eczema Trunk',
       'Percentage area affected by eczema Upper extremitiy - bilateral',
       'Polyp size greatest dimension by CAP cancer protocols', 'Potassium',
       'Sexual orientation', 'Shrimp IgE Ab in Serum', 'Sodium',
       'Soybean IgE Ab in Serum', 'Total Cholesterol', 'Total score [MMSE]',
       'Triglycerides', 'Urea Nitrogen', 'Walnut IgE Ab in Serum',
       'Wheat IgE Ab in Serum', 'White oak IgE Ab in Serum'],
      dtype='object', name='obs_name')
INFO:root:Count of rows for modeling obs_name
Blood Pressure                              83
Body Height                                 83
Body Weight                                 83
Body Mass Index                             80
High Density Lipoprotein Cholesterol        49
Low Density Lipoprotein Cholesterol         49
Triglycerides                               49
Total Cholesterol                           49
Oral temperature                            33
Hemoglobin A1c_Hemoglobin_total in Blood    17
Creatinine                                  17
dtype: int64
INFO:root:Besst model XGBRegressor(base_score=0.5, booster='gblinear', colsample_bylevel=1,
             colsample_bynode=1, colsample_bytree=1, gamma=0,
             importance_type='gain', learning_rate=0.1, max_delta_step=0,
             max_depth=2, min_child_weight=1, missing=None, n_estimators=200,
             n_jobs=1, nthread=None, objective='reg:squarederror',
             random_state=0, reg_alpha=0, reg_lambda=1, scale_pos_weight=1,
             seed=None, silent=None, subsample=0.1, verbosity=1)
INFO:werkzeug: * Running on http://127.0.0.1:5000/ (Press CTRL+C to quit)
INFO:root:************ 10/05/2020 13:20:53 Data loading and transformation
INFO:root:The count of rows = patient_name    3417
obs_code        3417
obs_name        3417
obs_date        3417
obs_value       3417
obs_unit        3407
dtype: int64
INFO:root:The column names are Index(['patient_name', 'obs_code', 'obs_name', 'obs_date', 'obs_value',
       'obs_unit'],
      dtype='object')
INFO:root:The transformed column names Index(['Abuse Status [OMAHA]', 'American house dust mite IgE Ab in Serum',
       'Are you covered by health insurance or some other kind of health care plan [PhenX]',
       'Blood Pressure', 'Body Height', 'Body Mass Index', 'Body Weight',
       'Calcium', 'Carbon Dioxide', 'Cat dander IgE Ab in Serum',
       'Cause of Death [US Standard Certificate of Death]', 'Chloride',
       'Cladosporium herbarum IgE Ab in Serum', 'Codfish IgE Ab in Serum',
       'Common Ragweed IgE Ab in Serum', 'Cow milk IgE Ab in Serum',
       'Creatinine', 'Egg white IgE Ab in Serum',
       'Estimated Glomerular Filtration Rate', 'FEV1_​FVC', 'Glucose',
       'HIV status', 'Hemoglobin A1c_Hemoglobin_total in Blood',
       'Hemoglobin_gastrointestinal [Presence] in Stool by Immunologic method',
       'High Density Lipoprotein Cholesterol',
       'History of Hospitalizations+​Outpatient visits',
       'Honey bee IgE Ab in Serum', 'Housing status', 'Latex IgE Ab in Serum',
       'Low Density Lipoprotein Cholesterol', 'Microalbumin Creatine Ratio',
       'Oral temperature', 'Peanut IgE Ab in Serum',
       'Percentage area affected by eczema Head and Neck',
       'Percentage area affected by eczema Lower extremitiy - bilateral',
       'Percentage area affected by eczema Trunk',
       'Percentage area affected by eczema Upper extremitiy - bilateral',
       'Polyp size greatest dimension by CAP cancer protocols', 'Potassium',
       'Sexual orientation', 'Shrimp IgE Ab in Serum', 'Sodium',
       'Soybean IgE Ab in Serum', 'Total Cholesterol', 'Total score [MMSE]',
       'Triglycerides', 'Urea Nitrogen', 'Walnut IgE Ab in Serum',
       'Wheat IgE Ab in Serum', 'White oak IgE Ab in Serum'],
      dtype='object', name='obs_name')
INFO:root:Count of rows for modeling obs_name
Blood Pressure                              83
Body Height                                 83
Body Weight                                 83
Body Mass Index                             80
High Density Lipoprotein Cholesterol        49
Low Density Lipoprotein Cholesterol         49
Triglycerides                               49
Total Cholesterol                           49
Oral temperature                            33
Hemoglobin A1c_Hemoglobin_total in Blood    17
Creatinine                                  17
dtype: int64
INFO:root:Besst model XGBRegressor(base_score=0.5, booster='gblinear', colsample_bylevel=1,
             colsample_bynode=1, colsample_bytree=1, gamma=0,
             importance_type='gain', learning_rate=0.1, max_delta_step=0,
             max_depth=2, min_child_weight=1, missing=None, n_estimators=200,
             n_jobs=1, nthread=None, objective='reg:squarederror',
             random_state=0, reg_alpha=0, reg_lambda=1, scale_pos_weight=1,
             seed=None, silent=None, subsample=0.1, verbosity=1)
INFO:werkzeug: * Running on http://127.0.0.1:5000/ (Press CTRL+C to quit)
INFO:root:23.738162994384766
INFO:werkzeug:127.0.0.1 - - [10/May/2020 13:21:14] "[37mPOST /receiver HTTP/1.1[0m" 200 -
INFO:root:107.79289245605469
INFO:werkzeug:127.0.0.1 - - [10/May/2020 13:21:49] "[37mPOST /receiver HTTP/1.1[0m" 200 -
INFO:root:107.79289245605469
INFO:werkzeug:127.0.0.1 - - [10/May/2020 13:22:35] "[37mPOST /receiver HTTP/1.1[0m" 200 -
INFO:root:63.12160873413086
INFO:werkzeug:127.0.0.1 - - [10/May/2020 13:22:52] "[37mPOST /receiver HTTP/1.1[0m" 200 -
INFO:root:23.738162994384766
INFO:werkzeug:127.0.0.1 - - [10/May/2020 13:27:35] "[37mPOST /receiver HTTP/1.1[0m" 200 -
INFO:root:************ 10/05/2020 13:44:15 Data loading and transformation
INFO:root:The count of rows = patient_name    3417
obs_code        3417
obs_name        3417
obs_date        3417
obs_value       3417
obs_unit        3407
dtype: int64
INFO:root:The column names are Index(['patient_name', 'obs_code', 'obs_name', 'obs_date', 'obs_value',
       'obs_unit'],
      dtype='object')
INFO:root:The transformed column names Index(['Abuse Status [OMAHA]', 'American house dust mite IgE Ab in Serum',
       'Are you covered by health insurance or some other kind of health care plan [PhenX]',
       'Blood Pressure', 'Body Height', 'Body Mass Index', 'Body Weight',
       'Calcium', 'Carbon Dioxide', 'Cat dander IgE Ab in Serum',
       'Cause of Death [US Standard Certificate of Death]', 'Chloride',
       'Cladosporium herbarum IgE Ab in Serum', 'Codfish IgE Ab in Serum',
       'Common Ragweed IgE Ab in Serum', 'Cow milk IgE Ab in Serum',
       'Creatinine', 'Egg white IgE Ab in Serum',
       'Estimated Glomerular Filtration Rate', 'FEV1_​FVC', 'Glucose',
       'HIV status', 'Hemoglobin A1c_Hemoglobin_total in Blood',
       'Hemoglobin_gastrointestinal [Presence] in Stool by Immunologic method',
       'High Density Lipoprotein Cholesterol',
       'History of Hospitalizations+​Outpatient visits',
       'Honey bee IgE Ab in Serum', 'Housing status', 'Latex IgE Ab in Serum',
       'Low Density Lipoprotein Cholesterol', 'Microalbumin Creatine Ratio',
       'Oral temperature', 'Peanut IgE Ab in Serum',
       'Percentage area affected by eczema Head and Neck',
       'Percentage area affected by eczema Lower extremitiy - bilateral',
       'Percentage area affected by eczema Trunk',
       'Percentage area affected by eczema Upper extremitiy - bilateral',
       'Polyp size greatest dimension by CAP cancer protocols', 'Potassium',
       'Sexual orientation', 'Shrimp IgE Ab in Serum', 'Sodium',
       'Soybean IgE Ab in Serum', 'Total Cholesterol', 'Total score [MMSE]',
       'Triglycerides', 'Urea Nitrogen', 'Walnut IgE Ab in Serum',
       'Wheat IgE Ab in Serum', 'White oak IgE Ab in Serum'],
      dtype='object', name='obs_name')
INFO:root:Count of rows for modeling obs_name
Blood Pressure                              83
Body Height                                 83
Body Weight                                 83
Body Mass Index                             80
High Density Lipoprotein Cholesterol        49
Low Density Lipoprotein Cholesterol         49
Triglycerides                               49
Total Cholesterol                           49
Oral temperature                            33
Hemoglobin A1c_Hemoglobin_total in Blood    17
Creatinine                                  17
dtype: int64
INFO:root:Besst model XGBRegressor(base_score=0.5, booster='gblinear', colsample_bylevel=1,
             colsample_bynode=1, colsample_bytree=1, gamma=0,
             importance_type='gain', learning_rate=0.1, max_delta_step=0,
             max_depth=2, min_child_weight=1, missing=None, n_estimators=200,
             n_jobs=1, nthread=None, objective='reg:squarederror',
             random_state=0, reg_alpha=0, reg_lambda=1, scale_pos_weight=1,
             seed=None, silent=None, subsample=0.1, verbosity=1)
INFO:werkzeug: * Running on http://0.0.0.0:5000/ (Press CTRL+C to quit)
INFO:root:************ 10/05/2020 13:58:32 Data loading and transformation
INFO:root:The count of rows = patient_name    3417
obs_code        3417
obs_name        3417
obs_date        3417
obs_value       3417
obs_unit        3407
dtype: int64
INFO:root:The column names are Index(['patient_name', 'obs_code', 'obs_name', 'obs_date', 'obs_value',
       'obs_unit'],
      dtype='object')
INFO:root:The transformed column names Index(['Abuse Status [OMAHA]', 'American house dust mite IgE Ab in Serum',
       'Are you covered by health insurance or some other kind of health care plan [PhenX]',
       'Blood Pressure', 'Body Height', 'Body Mass Index', 'Body Weight',
       'Calcium', 'Carbon Dioxide', 'Cat dander IgE Ab in Serum',
       'Cause of Death [US Standard Certificate of Death]', 'Chloride',
       'Cladosporium herbarum IgE Ab in Serum', 'Codfish IgE Ab in Serum',
       'Common Ragweed IgE Ab in Serum', 'Cow milk IgE Ab in Serum',
       'Creatinine', 'Egg white IgE Ab in Serum',
       'Estimated Glomerular Filtration Rate', 'FEV1_​FVC', 'Glucose',
       'HIV status', 'Hemoglobin A1c_Hemoglobin_total in Blood',
       'Hemoglobin_gastrointestinal [Presence] in Stool by Immunologic method',
       'High Density Lipoprotein Cholesterol',
       'History of Hospitalizations+​Outpatient visits',
       'Honey bee IgE Ab in Serum', 'Housing status', 'Latex IgE Ab in Serum',
       'Low Density Lipoprotein Cholesterol', 'Microalbumin Creatine Ratio',
       'Oral temperature', 'Peanut IgE Ab in Serum',
       'Percentage area affected by eczema Head and Neck',
       'Percentage area affected by eczema Lower extremitiy - bilateral',
       'Percentage area affected by eczema Trunk',
       'Percentage area affected by eczema Upper extremitiy - bilateral',
       'Polyp size greatest dimension by CAP cancer protocols', 'Potassium',
       'Sexual orientation', 'Shrimp IgE Ab in Serum', 'Sodium',
       'Soybean IgE Ab in Serum', 'Total Cholesterol', 'Total score [MMSE]',
       'Triglycerides', 'Urea Nitrogen', 'Walnut IgE Ab in Serum',
       'Wheat IgE Ab in Serum', 'White oak IgE Ab in Serum'],
      dtype='object', name='obs_name')
INFO:root:Count of rows for modeling obs_name
Blood Pressure                              83
Body Height                                 83
Body Weight                                 83
Body Mass Index                             80
High Density Lipoprotein Cholesterol        49
Low Density Lipoprotein Cholesterol         49
Triglycerides                               49
Total Cholesterol                           49
Oral temperature                            33
Hemoglobin A1c_Hemoglobin_total in Blood    17
Creatinine                                  17
dtype: int64
INFO:root:Besst model XGBRegressor(base_score=0.5, booster='gblinear', colsample_bylevel=1,
             colsample_bynode=1, colsample_bytree=1, gamma=0,
             importance_type='gain', learning_rate=0.1, max_delta_step=0,
             max_depth=2, min_child_weight=1, missing=None, n_estimators=200,
             n_jobs=1, nthread=None, objective='reg:squarederror',
             random_state=0, reg_alpha=0, reg_lambda=1, scale_pos_weight=1,
             seed=None, silent=None, subsample=0.1, verbosity=1)
INFO:werkzeug: * Running on http://0.0.0.0:5000/ (Press CTRL+C to quit)
INFO:root:23.738162994384766
INFO:werkzeug:127.0.0.1 - - [10/May/2020 14:18:23] "[37mPOST /receiver HTTP/1.1[0m" 200 -
INFO:root:************ 10/05/2020 14:22:40 Data loading and transformation
INFO:root:The count of rows = patient_name    3417
obs_code        3417
obs_name        3417
obs_date        3417
obs_value       3417
obs_unit        3407
dtype: int64
INFO:root:The column names are Index(['patient_name', 'obs_code', 'obs_name', 'obs_date', 'obs_value',
       'obs_unit'],
      dtype='object')
INFO:root:The transformed column names Index(['Abuse Status [OMAHA]', 'American house dust mite IgE Ab in Serum',
       'Are you covered by health insurance or some other kind of health care plan [PhenX]',
       'Blood Pressure', 'Body Height', 'Body Mass Index', 'Body Weight',
       'Calcium', 'Carbon Dioxide', 'Cat dander IgE Ab in Serum',
       'Cause of Death [US Standard Certificate of Death]', 'Chloride',
       'Cladosporium herbarum IgE Ab in Serum', 'Codfish IgE Ab in Serum',
       'Common Ragweed IgE Ab in Serum', 'Cow milk IgE Ab in Serum',
       'Creatinine', 'Egg white IgE Ab in Serum',
       'Estimated Glomerular Filtration Rate', 'FEV1_​FVC', 'Glucose',
       'HIV status', 'Hemoglobin A1c_Hemoglobin_total in Blood',
       'Hemoglobin_gastrointestinal [Presence] in Stool by Immunologic method',
       'High Density Lipoprotein Cholesterol',
       'History of Hospitalizations+​Outpatient visits',
       'Honey bee IgE Ab in Serum', 'Housing status', 'Latex IgE Ab in Serum',
       'Low Density Lipoprotein Cholesterol', 'Microalbumin Creatine Ratio',
       'Oral temperature', 'Peanut IgE Ab in Serum',
       'Percentage area affected by eczema Head and Neck',
       'Percentage area affected by eczema Lower extremitiy - bilateral',
       'Percentage area affected by eczema Trunk',
       'Percentage area affected by eczema Upper extremitiy - bilateral',
       'Polyp size greatest dimension by CAP cancer protocols', 'Potassium',
       'Sexual orientation', 'Shrimp IgE Ab in Serum', 'Sodium',
       'Soybean IgE Ab in Serum', 'Total Cholesterol', 'Total score [MMSE]',
       'Triglycerides', 'Urea Nitrogen', 'Walnut IgE Ab in Serum',
       'Wheat IgE Ab in Serum', 'White oak IgE Ab in Serum'],
      dtype='object', name='obs_name')
INFO:root:Count of rows for modeling obs_name
Blood Pressure                              83
Body Height                                 83
Body Weight                                 83
Body Mass Index                             80
High Density Lipoprotein Cholesterol        49
Low Density Lipoprotein Cholesterol         49
Triglycerides                               49
Total Cholesterol                           49
Oral temperature                            33
Hemoglobin A1c_Hemoglobin_total in Blood    17
Creatinine                                  17
dtype: int64
INFO:root:Bsst model XGBRegressor(base_score=0.5, booster='gblinear', colsample_bylevel=1,
             colsample_bynode=1, colsample_bytree=1, gamma=0,
             importance_type='gain', learning_rate=0.1, max_delta_step=0,
             max_depth=2, min_child_weight=1, missing=None, n_estimators=200,
             n_jobs=1, nthread=None, objective='reg:squarederror',
             random_state=0, reg_alpha=0, reg_lambda=1, scale_pos_weight=1,
             seed=None, silent=None, subsample=0.1, verbosity=1)
INFO:werkzeug: * Running on http://0.0.0.0:5000/ (Press CTRL+C to quit)
INFO:root:23.738162994384766
INFO:werkzeug:127.0.0.1 - - [10/May/2020 14:22:47] "[37mPOST /receiver HTTP/1.1[0m" 200 -
INFO:root:************ 10/05/2020 14:26:52 Data loading and transformation
INFO:root:The count of rows = patient_name    3417
obs_code        3417
obs_name        3417
obs_date        3417
obs_value       3417
obs_unit        3407
dtype: int64
INFO:root:The column names are Index(['patient_name', 'obs_code', 'obs_name', 'obs_date', 'obs_value',
       'obs_unit'],
      dtype='object')
INFO:root:The transformed column names Index(['Abuse Status [OMAHA]', 'American house dust mite IgE Ab in Serum',
       'Are you covered by health insurance or some other kind of health care plan [PhenX]',
       'Blood Pressure', 'Body Height', 'Body Mass Index', 'Body Weight',
       'Calcium', 'Carbon Dioxide', 'Cat dander IgE Ab in Serum',
       'Cause of Death [US Standard Certificate of Death]', 'Chloride',
       'Cladosporium herbarum IgE Ab in Serum', 'Codfish IgE Ab in Serum',
       'Common Ragweed IgE Ab in Serum', 'Cow milk IgE Ab in Serum',
       'Creatinine', 'Egg white IgE Ab in Serum',
       'Estimated Glomerular Filtration Rate', 'FEV1_​FVC', 'Glucose',
       'HIV status', 'Hemoglobin A1c_Hemoglobin_total in Blood',
       'Hemoglobin_gastrointestinal [Presence] in Stool by Immunologic method',
       'High Density Lipoprotein Cholesterol',
       'History of Hospitalizations+​Outpatient visits',
       'Honey bee IgE Ab in Serum', 'Housing status', 'Latex IgE Ab in Serum',
       'Low Density Lipoprotein Cholesterol', 'Microalbumin Creatine Ratio',
       'Oral temperature', 'Peanut IgE Ab in Serum',
       'Percentage area affected by eczema Head and Neck',
       'Percentage area affected by eczema Lower extremitiy - bilateral',
       'Percentage area affected by eczema Trunk',
       'Percentage area affected by eczema Upper extremitiy - bilateral',
       'Polyp size greatest dimension by CAP cancer protocols', 'Potassium',
       'Sexual orientation', 'Shrimp IgE Ab in Serum', 'Sodium',
       'Soybean IgE Ab in Serum', 'Total Cholesterol', 'Total score [MMSE]',
       'Triglycerides', 'Urea Nitrogen', 'Walnut IgE Ab in Serum',
       'Wheat IgE Ab in Serum', 'White oak IgE Ab in Serum'],
      dtype='object', name='obs_name')
INFO:root:Count of rows for modeling obs_name
Blood Pressure                              83
Body Height                                 83
Body Weight                                 83
Body Mass Index                             80
High Density Lipoprotein Cholesterol        49
Low Density Lipoprotein Cholesterol         49
Triglycerides                               49
Total Cholesterol                           49
Oral temperature                            33
Hemoglobin A1c_Hemoglobin_total in Blood    17
Creatinine                                  17
dtype: int64
INFO:root:Bsst model XGBRegressor(base_score=0.5, booster='gblinear', colsample_bylevel=1,
             colsample_bynode=1, colsample_bytree=1, gamma=0,
             importance_type='gain', learning_rate=0.1, max_delta_step=0,
             max_depth=2, min_child_weight=1, missing=None, n_estimators=200,
             n_jobs=1, nthread=None, objective='reg:squarederror',
             random_state=0, reg_alpha=0, reg_lambda=1, scale_pos_weight=1,
             seed=None, silent=None, subsample=0.1, verbosity=1)
INFO:werkzeug: * Running on http://0.0.0.0:5000/ (Press CTRL+C to quit)
INFO:root:************ 10/05/2020 16:21:11 Data loading and transformation
INFO:root:The count of rows = patient_name    3417
obs_code        3417
obs_name        3417
obs_date        3417
obs_value       3417
obs_unit        3407
dtype: int64
INFO:root:The column names are Index(['patient_name', 'obs_code', 'obs_name', 'obs_date', 'obs_value',
       'obs_unit'],
      dtype='object')
INFO:root:The transformed column names Index(['Abuse Status [OMAHA]', 'American house dust mite IgE Ab in Serum',
       'Are you covered by health insurance or some other kind of health care plan [PhenX]',
       'Blood Pressure', 'Body Height', 'Body Mass Index', 'Body Weight',
       'Calcium', 'Carbon Dioxide', 'Cat dander IgE Ab in Serum',
       'Cause of Death [US Standard Certificate of Death]', 'Chloride',
       'Cladosporium herbarum IgE Ab in Serum', 'Codfish IgE Ab in Serum',
       'Common Ragweed IgE Ab in Serum', 'Cow milk IgE Ab in Serum',
       'Creatinine', 'Egg white IgE Ab in Serum',
       'Estimated Glomerular Filtration Rate', 'FEV1_​FVC', 'Glucose',
       'HIV status', 'Hemoglobin A1c_Hemoglobin_total in Blood',
       'Hemoglobin_gastrointestinal [Presence] in Stool by Immunologic method',
       'High Density Lipoprotein Cholesterol',
       'History of Hospitalizations+​Outpatient visits',
       'Honey bee IgE Ab in Serum', 'Housing status', 'Latex IgE Ab in Serum',
       'Low Density Lipoprotein Cholesterol', 'Microalbumin Creatine Ratio',
       'Oral temperature', 'Peanut IgE Ab in Serum',
       'Percentage area affected by eczema Head and Neck',
       'Percentage area affected by eczema Lower extremitiy - bilateral',
       'Percentage area affected by eczema Trunk',
       'Percentage area affected by eczema Upper extremitiy - bilateral',
       'Polyp size greatest dimension by CAP cancer protocols', 'Potassium',
       'Sexual orientation', 'Shrimp IgE Ab in Serum', 'Sodium',
       'Soybean IgE Ab in Serum', 'Total Cholesterol', 'Total score [MMSE]',
       'Triglycerides', 'Urea Nitrogen', 'Walnut IgE Ab in Serum',
       'Wheat IgE Ab in Serum', 'White oak IgE Ab in Serum'],
      dtype='object', name='obs_name')
INFO:root:Count of rows for modeling obs_name
Blood Pressure                              83
Body Height                                 83
Body Weight                                 83
Body Mass Index                             80
High Density Lipoprotein Cholesterol        49
Low Density Lipoprotein Cholesterol         49
Triglycerides                               49
Total Cholesterol                           49
Oral temperature                            33
Hemoglobin A1c_Hemoglobin_total in Blood    17
Creatinine                                  17
dtype: int64
INFO:root:Bsst model XGBRegressor(base_score=0.5, booster='gblinear', colsample_bylevel=1,
             colsample_bynode=1, colsample_bytree=1, gamma=0,
             importance_type='gain', learning_rate=0.1, max_delta_step=0,
             max_depth=2, min_child_weight=1, missing=None, n_estimators=200,
             n_jobs=1, nthread=None, objective='reg:squarederror',
             random_state=0, reg_alpha=0, reg_lambda=1, scale_pos_weight=1,
             seed=None, silent=None, subsample=0.1, verbosity=1)
INFO:werkzeug: * Running on http://0.0.0.0:5000/ (Press CTRL+C to quit)
INFO:root:23.738162994384766
INFO:werkzeug:127.0.0.1 - - [10/May/2020 16:21:35] "[37mPOST /receiver HTTP/1.1[0m" 200 -
INFO:root:199.12489318847656
INFO:werkzeug:127.0.0.1 - - [10/May/2020 16:35:20] "[37mPOST /receiver HTTP/1.1[0m" 200 -
INFO:root:173.02978515625
INFO:werkzeug:127.0.0.1 - - [10/May/2020 16:36:47] "[37mPOST /receiver HTTP/1.1[0m" 200 -
INFO:root:195.662109375
INFO:werkzeug:127.0.0.1 - - [10/May/2020 16:36:57] "[37mPOST /receiver HTTP/1.1[0m" 200 -
INFO:root:196.47801208496094
INFO:werkzeug:127.0.0.1 - - [10/May/2020 16:37:06] "[37mPOST /receiver HTTP/1.1[0m" 200 -
INFO:root:205.8306884765625
INFO:werkzeug:127.0.0.1 - - [10/May/2020 16:37:18] "[37mPOST /receiver HTTP/1.1[0m" 200 -
INFO:root:210.1595001220703
INFO:werkzeug:127.0.0.1 - - [10/May/2020 16:37:32] "[37mPOST /receiver HTTP/1.1[0m" 200 -
INFO:root:210.1595001220703
INFO:werkzeug:127.0.0.1 - - [10/May/2020 16:37:40] "[37mPOST /receiver HTTP/1.1[0m" 200 -
ERROR:json_fetch_full:Exception on /receiver [POST]
Traceback (most recent call last):
  File "/Users/vasanththirugnanam/anaconda3/lib/python3.7/site-packages/flask/app.py", line 2447, in wsgi_app
    response = self.full_dispatch_request()
  File "/Users/vasanththirugnanam/anaconda3/lib/python3.7/site-packages/flask/app.py", line 1952, in full_dispatch_request
    rv = self.handle_user_exception(e)
  File "/Users/vasanththirugnanam/anaconda3/lib/python3.7/site-packages/flask_cors/extension.py", line 161, in wrapped_function
    return cors_after_request(app.make_response(f(*args, **kwargs)))
  File "/Users/vasanththirugnanam/anaconda3/lib/python3.7/site-packages/flask/app.py", line 1821, in handle_user_exception
    reraise(exc_type, exc_value, tb)
  File "/Users/vasanththirugnanam/anaconda3/lib/python3.7/site-packages/flask/_compat.py", line 39, in reraise
    raise value
  File "/Users/vasanththirugnanam/anaconda3/lib/python3.7/site-packages/flask/app.py", line 1950, in full_dispatch_request
    rv = self.dispatch_request()
  File "/Users/vasanththirugnanam/anaconda3/lib/python3.7/site-packages/flask/app.py", line 1936, in dispatch_request
    return self.view_functions[rule.endpoint](**req.view_args)
  File "json_fetch_full.py", line 72, in worker
    prod_ds[col] = prod_ds[col].astype(float)
  File "/Users/vasanththirugnanam/anaconda3/lib/python3.7/site-packages/pandas/core/generic.py", line 5698, in astype
    new_data = self._data.astype(dtype=dtype, copy=copy, errors=errors)
  File "/Users/vasanththirugnanam/anaconda3/lib/python3.7/site-packages/pandas/core/internals/managers.py", line 582, in astype
    return self.apply("astype", dtype=dtype, copy=copy, errors=errors)
  File "/Users/vasanththirugnanam/anaconda3/lib/python3.7/site-packages/pandas/core/internals/managers.py", line 442, in apply
    applied = getattr(b, f)(**kwargs)
  File "/Users/vasanththirugnanam/anaconda3/lib/python3.7/site-packages/pandas/core/internals/blocks.py", line 625, in astype
    values = astype_nansafe(vals1d, dtype, copy=True)
  File "/Users/vasanththirugnanam/anaconda3/lib/python3.7/site-packages/pandas/core/dtypes/cast.py", line 897, in astype_nansafe
    return arr.astype(dtype, copy=True)
ValueError: could not convert string to float: 
INFO:werkzeug:127.0.0.1 - - [10/May/2020 16:37:55] "[35m[1mPOST /receiver HTTP/1.1[0m" 500 -
ERROR:json_fetch_full:Exception on /receiver [POST]
Traceback (most recent call last):
  File "/Users/vasanththirugnanam/anaconda3/lib/python3.7/site-packages/flask/app.py", line 2447, in wsgi_app
    response = self.full_dispatch_request()
  File "/Users/vasanththirugnanam/anaconda3/lib/python3.7/site-packages/flask/app.py", line 1952, in full_dispatch_request
    rv = self.handle_user_exception(e)
  File "/Users/vasanththirugnanam/anaconda3/lib/python3.7/site-packages/flask_cors/extension.py", line 161, in wrapped_function
    return cors_after_request(app.make_response(f(*args, **kwargs)))
  File "/Users/vasanththirugnanam/anaconda3/lib/python3.7/site-packages/flask/app.py", line 1821, in handle_user_exception
    reraise(exc_type, exc_value, tb)
  File "/Users/vasanththirugnanam/anaconda3/lib/python3.7/site-packages/flask/_compat.py", line 39, in reraise
    raise value
  File "/Users/vasanththirugnanam/anaconda3/lib/python3.7/site-packages/flask/app.py", line 1950, in full_dispatch_request
    rv = self.dispatch_request()
  File "/Users/vasanththirugnanam/anaconda3/lib/python3.7/site-packages/flask/app.py", line 1936, in dispatch_request
    return self.view_functions[rule.endpoint](**req.view_args)
  File "json_fetch_full.py", line 72, in worker
    prod_ds[col] = prod_ds[col].astype(float)
  File "/Users/vasanththirugnanam/anaconda3/lib/python3.7/site-packages/pandas/core/generic.py", line 5698, in astype
    new_data = self._data.astype(dtype=dtype, copy=copy, errors=errors)
  File "/Users/vasanththirugnanam/anaconda3/lib/python3.7/site-packages/pandas/core/internals/managers.py", line 582, in astype
    return self.apply("astype", dtype=dtype, copy=copy, errors=errors)
  File "/Users/vasanththirugnanam/anaconda3/lib/python3.7/site-packages/pandas/core/internals/managers.py", line 442, in apply
    applied = getattr(b, f)(**kwargs)
  File "/Users/vasanththirugnanam/anaconda3/lib/python3.7/site-packages/pandas/core/internals/blocks.py", line 625, in astype
    values = astype_nansafe(vals1d, dtype, copy=True)
  File "/Users/vasanththirugnanam/anaconda3/lib/python3.7/site-packages/pandas/core/dtypes/cast.py", line 897, in astype_nansafe
    return arr.astype(dtype, copy=True)
ValueError: could not convert string to float: 
INFO:werkzeug:127.0.0.1 - - [10/May/2020 16:37:56] "[35m[1mPOST /receiver HTTP/1.1[0m" 500 -
ERROR:json_fetch_full:Exception on /receiver [POST]
Traceback (most recent call last):
  File "/Users/vasanththirugnanam/anaconda3/lib/python3.7/site-packages/flask/app.py", line 2447, in wsgi_app
    response = self.full_dispatch_request()
  File "/Users/vasanththirugnanam/anaconda3/lib/python3.7/site-packages/flask/app.py", line 1952, in full_dispatch_request
    rv = self.handle_user_exception(e)
  File "/Users/vasanththirugnanam/anaconda3/lib/python3.7/site-packages/flask_cors/extension.py", line 161, in wrapped_function
    return cors_after_request(app.make_response(f(*args, **kwargs)))
  File "/Users/vasanththirugnanam/anaconda3/lib/python3.7/site-packages/flask/app.py", line 1821, in handle_user_exception
    reraise(exc_type, exc_value, tb)
  File "/Users/vasanththirugnanam/anaconda3/lib/python3.7/site-packages/flask/_compat.py", line 39, in reraise
    raise value
  File "/Users/vasanththirugnanam/anaconda3/lib/python3.7/site-packages/flask/app.py", line 1950, in full_dispatch_request
    rv = self.dispatch_request()
  File "/Users/vasanththirugnanam/anaconda3/lib/python3.7/site-packages/flask/app.py", line 1936, in dispatch_request
    return self.view_functions[rule.endpoint](**req.view_args)
  File "json_fetch_full.py", line 72, in worker
    prod_ds[col] = prod_ds[col].astype(float)
  File "/Users/vasanththirugnanam/anaconda3/lib/python3.7/site-packages/pandas/core/generic.py", line 5698, in astype
    new_data = self._data.astype(dtype=dtype, copy=copy, errors=errors)
  File "/Users/vasanththirugnanam/anaconda3/lib/python3.7/site-packages/pandas/core/internals/managers.py", line 582, in astype
    return self.apply("astype", dtype=dtype, copy=copy, errors=errors)
  File "/Users/vasanththirugnanam/anaconda3/lib/python3.7/site-packages/pandas/core/internals/managers.py", line 442, in apply
    applied = getattr(b, f)(**kwargs)
  File "/Users/vasanththirugnanam/anaconda3/lib/python3.7/site-packages/pandas/core/internals/blocks.py", line 625, in astype
    values = astype_nansafe(vals1d, dtype, copy=True)
  File "/Users/vasanththirugnanam/anaconda3/lib/python3.7/site-packages/pandas/core/dtypes/cast.py", line 897, in astype_nansafe
    return arr.astype(dtype, copy=True)
ValueError: could not convert string to float: 
INFO:werkzeug:127.0.0.1 - - [10/May/2020 16:38:20] "[35m[1mPOST /receiver HTTP/1.1[0m" 500 -
ERROR:json_fetch_full:Exception on /receiver [POST]
Traceback (most recent call last):
  File "/Users/vasanththirugnanam/anaconda3/lib/python3.7/site-packages/flask/app.py", line 2447, in wsgi_app
    response = self.full_dispatch_request()
  File "/Users/vasanththirugnanam/anaconda3/lib/python3.7/site-packages/flask/app.py", line 1952, in full_dispatch_request
    rv = self.handle_user_exception(e)
  File "/Users/vasanththirugnanam/anaconda3/lib/python3.7/site-packages/flask_cors/extension.py", line 161, in wrapped_function
    return cors_after_request(app.make_response(f(*args, **kwargs)))
  File "/Users/vasanththirugnanam/anaconda3/lib/python3.7/site-packages/flask/app.py", line 1821, in handle_user_exception
    reraise(exc_type, exc_value, tb)
  File "/Users/vasanththirugnanam/anaconda3/lib/python3.7/site-packages/flask/_compat.py", line 39, in reraise
    raise value
  File "/Users/vasanththirugnanam/anaconda3/lib/python3.7/site-packages/flask/app.py", line 1950, in full_dispatch_request
    rv = self.dispatch_request()
  File "/Users/vasanththirugnanam/anaconda3/lib/python3.7/site-packages/flask/app.py", line 1936, in dispatch_request
    return self.view_functions[rule.endpoint](**req.view_args)
  File "json_fetch_full.py", line 72, in worker
    prod_ds[col] = prod_ds[col].astype(float)
  File "/Users/vasanththirugnanam/anaconda3/lib/python3.7/site-packages/pandas/core/generic.py", line 5698, in astype
    new_data = self._data.astype(dtype=dtype, copy=copy, errors=errors)
  File "/Users/vasanththirugnanam/anaconda3/lib/python3.7/site-packages/pandas/core/internals/managers.py", line 582, in astype
    return self.apply("astype", dtype=dtype, copy=copy, errors=errors)
  File "/Users/vasanththirugnanam/anaconda3/lib/python3.7/site-packages/pandas/core/internals/managers.py", line 442, in apply
    applied = getattr(b, f)(**kwargs)
  File "/Users/vasanththirugnanam/anaconda3/lib/python3.7/site-packages/pandas/core/internals/blocks.py", line 625, in astype
    values = astype_nansafe(vals1d, dtype, copy=True)
  File "/Users/vasanththirugnanam/anaconda3/lib/python3.7/site-packages/pandas/core/dtypes/cast.py", line 897, in astype_nansafe
    return arr.astype(dtype, copy=True)
ValueError: could not convert string to float: 
INFO:werkzeug:127.0.0.1 - - [10/May/2020 16:38:23] "[35m[1mPOST /receiver HTTP/1.1[0m" 500 -
INFO:root:138.9388427734375
INFO:werkzeug:127.0.0.1 - - [10/May/2020 16:38:46] "[37mPOST /receiver HTTP/1.1[0m" 200 -
INFO:root:127.1922607421875
INFO:werkzeug:127.0.0.1 - - [10/May/2020 16:39:08] "[37mPOST /receiver HTTP/1.1[0m" 200 -
INFO:root:125.17214965820312
INFO:werkzeug:127.0.0.1 - - [10/May/2020 16:39:17] "[37mPOST /receiver HTTP/1.1[0m" 200 -
INFO:root:112.397705078125
INFO:werkzeug:127.0.0.1 - - [10/May/2020 16:39:32] "[37mPOST /receiver HTTP/1.1[0m" 200 -
INFO:root:111.58180236816406
INFO:werkzeug:127.0.0.1 - - [10/May/2020 16:39:42] "[37mPOST /receiver HTTP/1.1[0m" 200 -
INFO:root:100.0951919555664
INFO:werkzeug:127.0.0.1 - - [10/May/2020 16:40:09] "[37mPOST /receiver HTTP/1.1[0m" 200 -
INFO:root:99.21778106689453
INFO:werkzeug:127.0.0.1 - - [10/May/2020 16:40:19] "[37mPOST /receiver HTTP/1.1[0m" 200 -
INFO:root:************ 11/05/2020 07:29:20 Data loading and transformation
INFO:root:The count of rows = patient_name    3417
obs_code        3417
obs_name        3417
obs_date        3417
obs_value       3417
obs_unit        3407
dtype: int64
INFO:root:The column names are Index(['patient_name', 'obs_code', 'obs_name', 'obs_date', 'obs_value',
       'obs_unit'],
      dtype='object')
INFO:root:The transformed column names Index(['Abuse Status [OMAHA]', 'American house dust mite IgE Ab in Serum',
       'Are you covered by health insurance or some other kind of health care plan [PhenX]',
       'Blood Pressure', 'Body Height', 'Body Mass Index', 'Body Weight',
       'Calcium', 'Carbon Dioxide', 'Cat dander IgE Ab in Serum',
       'Cause of Death [US Standard Certificate of Death]', 'Chloride',
       'Cladosporium herbarum IgE Ab in Serum', 'Codfish IgE Ab in Serum',
       'Common Ragweed IgE Ab in Serum', 'Cow milk IgE Ab in Serum',
       'Creatinine', 'Egg white IgE Ab in Serum',
       'Estimated Glomerular Filtration Rate', 'FEV1_​FVC', 'Glucose',
       'HIV status', 'Hemoglobin A1c_Hemoglobin_total in Blood',
       'Hemoglobin_gastrointestinal [Presence] in Stool by Immunologic method',
       'High Density Lipoprotein Cholesterol',
       'History of Hospitalizations+​Outpatient visits',
       'Honey bee IgE Ab in Serum', 'Housing status', 'Latex IgE Ab in Serum',
       'Low Density Lipoprotein Cholesterol', 'Microalbumin Creatine Ratio',
       'Oral temperature', 'Peanut IgE Ab in Serum',
       'Percentage area affected by eczema Head and Neck',
       'Percentage area affected by eczema Lower extremitiy - bilateral',
       'Percentage area affected by eczema Trunk',
       'Percentage area affected by eczema Upper extremitiy - bilateral',
       'Polyp size greatest dimension by CAP cancer protocols', 'Potassium',
       'Sexual orientation', 'Shrimp IgE Ab in Serum', 'Sodium',
       'Soybean IgE Ab in Serum', 'Total Cholesterol', 'Total score [MMSE]',
       'Triglycerides', 'Urea Nitrogen', 'Walnut IgE Ab in Serum',
       'Wheat IgE Ab in Serum', 'White oak IgE Ab in Serum'],
      dtype='object', name='obs_name')
INFO:root:Count of rows for modeling obs_name
Blood Pressure                              83
Body Height                                 83
Body Weight                                 83
Body Mass Index                             80
High Density Lipoprotein Cholesterol        49
Low Density Lipoprotein Cholesterol         49
Triglycerides                               49
Total Cholesterol                           49
Oral temperature                            33
Hemoglobin A1c_Hemoglobin_total in Blood    17
Creatinine                                  17
dtype: int64
INFO:root:Bsst model XGBRegressor(base_score=0.5, booster='gblinear', colsample_bylevel=1,
             colsample_bynode=1, colsample_bytree=1, gamma=0,
             importance_type='gain', learning_rate=0.1, max_delta_step=0,
             max_depth=2, min_child_weight=1, missing=None, n_estimators=200,
             n_jobs=1, nthread=None, objective='reg:squarederror',
             random_state=0, reg_alpha=0, reg_lambda=1, scale_pos_weight=1,
             seed=None, silent=None, subsample=0.1, verbosity=1)
INFO:werkzeug: * Running on http://0.0.0.0:5000/ (Press CTRL+C to quit)
INFO:root:66.04822540283203
INFO:werkzeug:127.0.0.1 - - [11/May/2020 07:47:40] "[37mPOST /receiver HTTP/1.1[0m" 200 -
INFO:root:66.04822540283203
INFO:werkzeug:127.0.0.1 - - [11/May/2020 07:55:17] "[37mPOST /receiver HTTP/1.1[0m" 200 -
INFO:root:************ 11/05/2020 14:01:07 Data loading and transformation
INFO:root:The count of rows = patient_name    3417
obs_code        3417
obs_name        3417
obs_date        3417
obs_value       3417
obs_unit        3407
dtype: int64
INFO:root:The column names are Index(['patient_name', 'obs_code', 'obs_name', 'obs_date', 'obs_value',
       'obs_unit'],
      dtype='object')
INFO:root:The transformed column names Index(['Abuse Status [OMAHA]', 'American house dust mite IgE Ab in Serum',
       'Are you covered by health insurance or some other kind of health care plan [PhenX]',
       'Blood Pressure', 'Body Height', 'Body Mass Index', 'Body Weight',
       'Calcium', 'Carbon Dioxide', 'Cat dander IgE Ab in Serum',
       'Cause of Death [US Standard Certificate of Death]', 'Chloride',
       'Cladosporium herbarum IgE Ab in Serum', 'Codfish IgE Ab in Serum',
       'Common Ragweed IgE Ab in Serum', 'Cow milk IgE Ab in Serum',
       'Creatinine', 'Egg white IgE Ab in Serum',
       'Estimated Glomerular Filtration Rate', 'FEV1_​FVC', 'Glucose',
       'HIV status', 'Hemoglobin A1c_Hemoglobin_total in Blood',
       'Hemoglobin_gastrointestinal [Presence] in Stool by Immunologic method',
       'High Density Lipoprotein Cholesterol',
       'History of Hospitalizations+​Outpatient visits',
       'Honey bee IgE Ab in Serum', 'Housing status', 'Latex IgE Ab in Serum',
       'Low Density Lipoprotein Cholesterol', 'Microalbumin Creatine Ratio',
       'Oral temperature', 'Peanut IgE Ab in Serum',
       'Percentage area affected by eczema Head and Neck',
       'Percentage area affected by eczema Lower extremitiy - bilateral',
       'Percentage area affected by eczema Trunk',
       'Percentage area affected by eczema Upper extremitiy - bilateral',
       'Polyp size greatest dimension by CAP cancer protocols', 'Potassium',
       'Sexual orientation', 'Shrimp IgE Ab in Serum', 'Sodium',
       'Soybean IgE Ab in Serum', 'Total Cholesterol', 'Total score [MMSE]',
       'Triglycerides', 'Urea Nitrogen', 'Walnut IgE Ab in Serum',
       'Wheat IgE Ab in Serum', 'White oak IgE Ab in Serum'],
      dtype='object', name='obs_name')
INFO:root:Count of rows for modeling obs_name
Blood Pressure                              83
Body Height                                 83
Body Weight                                 83
Body Mass Index                             80
High Density Lipoprotein Cholesterol        49
Low Density Lipoprotein Cholesterol         49
Triglycerides                               49
Total Cholesterol                           49
Oral temperature                            33
Hemoglobin A1c_Hemoglobin_total in Blood    17
Creatinine                                  17
dtype: int64
INFO:root:Bsst model XGBRegressor(base_score=0.5, booster='gblinear', colsample_bylevel=1,
             colsample_bynode=1, colsample_bytree=1, gamma=0,
             importance_type='gain', learning_rate=0.1, max_delta_step=0,
             max_depth=2, min_child_weight=1, missing=None, n_estimators=200,
             n_jobs=1, nthread=None, objective='reg:squarederror',
             random_state=0, reg_alpha=0, reg_lambda=1, scale_pos_weight=1,
             seed=None, silent=None, subsample=0.1, verbosity=1)
INFO:werkzeug: * Running on http://0.0.0.0:5000/ (Press CTRL+C to quit)
INFO:root:66.04822540283203
INFO:werkzeug:127.0.0.1 - - [11/May/2020 14:01:49] "[37mPOST /receiver HTTP/1.1[0m" 200 -
INFO:root:66.04822540283203
INFO:werkzeug:127.0.0.1 - - [11/May/2020 14:20:44] "[37mPOST /receiver HTTP/1.1[0m" 200 -
INFO:root:70.37704467773438
INFO:werkzeug:127.0.0.1 - - [11/May/2020 14:27:30] "[37mPOST /receiver HTTP/1.1[0m" 200 -
INFO:root:************ 12/05/2020 10:40:59 Data loading and transformation
INFO:root:The count of rows = patient_name    3417
obs_code        3417
obs_name        3417
obs_date        3417
obs_value       3417
obs_unit        3407
dtype: int64
INFO:root:The column names are Index(['patient_name', 'obs_code', 'obs_name', 'obs_date', 'obs_value',
       'obs_unit'],
      dtype='object')
INFO:root:The transformed column names Index(['Abuse Status [OMAHA]', 'American house dust mite IgE Ab in Serum',
       'Are you covered by health insurance or some other kind of health care plan [PhenX]',
       'Blood Pressure', 'Body Height', 'Body Mass Index', 'Body Weight',
       'Calcium', 'Carbon Dioxide', 'Cat dander IgE Ab in Serum',
       'Cause of Death [US Standard Certificate of Death]', 'Chloride',
       'Cladosporium herbarum IgE Ab in Serum', 'Codfish IgE Ab in Serum',
       'Common Ragweed IgE Ab in Serum', 'Cow milk IgE Ab in Serum',
       'Creatinine', 'Egg white IgE Ab in Serum',
       'Estimated Glomerular Filtration Rate', 'FEV1_​FVC', 'Glucose',
       'HIV status', 'Hemoglobin A1c_Hemoglobin_total in Blood',
       'Hemoglobin_gastrointestinal [Presence] in Stool by Immunologic method',
       'High Density Lipoprotein Cholesterol',
       'History of Hospitalizations+​Outpatient visits',
       'Honey bee IgE Ab in Serum', 'Housing status', 'Latex IgE Ab in Serum',
       'Low Density Lipoprotein Cholesterol', 'Microalbumin Creatine Ratio',
       'Oral temperature', 'Peanut IgE Ab in Serum',
       'Percentage area affected by eczema Head and Neck',
       'Percentage area affected by eczema Lower extremitiy - bilateral',
       'Percentage area affected by eczema Trunk',
       'Percentage area affected by eczema Upper extremitiy - bilateral',
       'Polyp size greatest dimension by CAP cancer protocols', 'Potassium',
       'Sexual orientation', 'Shrimp IgE Ab in Serum', 'Sodium',
       'Soybean IgE Ab in Serum', 'Total Cholesterol', 'Total score [MMSE]',
       'Triglycerides', 'Urea Nitrogen', 'Walnut IgE Ab in Serum',
       'Wheat IgE Ab in Serum', 'White oak IgE Ab in Serum'],
      dtype='object', name='obs_name')
INFO:root:Count of rows for modeling obs_name
Blood Pressure                              83
Body Height                                 83
Body Weight                                 83
Body Mass Index                             80
High Density Lipoprotein Cholesterol        49
Low Density Lipoprotein Cholesterol         49
Triglycerides                               49
Total Cholesterol                           49
Oral temperature                            33
Hemoglobin A1c_Hemoglobin_total in Blood    17
Creatinine                                  17
dtype: int64
INFO:root:Bsst model XGBRegressor(base_score=0.5, booster='gblinear', colsample_bylevel=1,
             colsample_bynode=1, colsample_bytree=1, gamma=0,
             importance_type='gain', learning_rate=0.1, max_delta_step=0,
             max_depth=2, min_child_weight=1, missing=None, n_estimators=200,
             n_jobs=1, nthread=None, objective='reg:squarederror',
             random_state=0, reg_alpha=0, reg_lambda=1, scale_pos_weight=1,
             seed=None, silent=None, subsample=0.1, verbosity=1)
INFO:werkzeug: * Running on http://0.0.0.0:5000/ (Press CTRL+C to quit)
INFO:root:36.69511413574219
INFO:werkzeug:127.0.0.1 - - [12/May/2020 10:43:13] "[37mPOST /receiver HTTP/1.1[0m" 200 -
INFO:root:************ 12/05/2020 23:32:37 Data loading and transformation
INFO:root:The count of rows = patient_name    3417
obs_code        3417
obs_name        3417
obs_date        3417
obs_value       3417
obs_unit        3407
dtype: int64
INFO:root:The column names are Index(['patient_name', 'obs_code', 'obs_name', 'obs_date', 'obs_value',
       'obs_unit'],
      dtype='object')
INFO:root:The transformed column names Index(['Abuse Status [OMAHA]', 'American house dust mite IgE Ab in Serum',
       'Are you covered by health insurance or some other kind of health care plan [PhenX]',
       'Blood Pressure', 'Body Height', 'Body Mass Index', 'Body Weight',
       'Calcium', 'Carbon Dioxide', 'Cat dander IgE Ab in Serum',
       'Cause of Death [US Standard Certificate of Death]', 'Chloride',
       'Cladosporium herbarum IgE Ab in Serum', 'Codfish IgE Ab in Serum',
       'Common Ragweed IgE Ab in Serum', 'Cow milk IgE Ab in Serum',
       'Creatinine', 'Egg white IgE Ab in Serum',
       'Estimated Glomerular Filtration Rate', 'FEV1_​FVC', 'Glucose',
       'HIV status', 'Hemoglobin A1c_Hemoglobin_total in Blood',
       'Hemoglobin_gastrointestinal [Presence] in Stool by Immunologic method',
       'High Density Lipoprotein Cholesterol',
       'History of Hospitalizations+​Outpatient visits',
       'Honey bee IgE Ab in Serum', 'Housing status', 'Latex IgE Ab in Serum',
       'Low Density Lipoprotein Cholesterol', 'Microalbumin Creatine Ratio',
       'Oral temperature', 'Peanut IgE Ab in Serum',
       'Percentage area affected by eczema Head and Neck',
       'Percentage area affected by eczema Lower extremitiy - bilateral',
       'Percentage area affected by eczema Trunk',
       'Percentage area affected by eczema Upper extremitiy - bilateral',
       'Polyp size greatest dimension by CAP cancer protocols', 'Potassium',
       'Sexual orientation', 'Shrimp IgE Ab in Serum', 'Sodium',
       'Soybean IgE Ab in Serum', 'Total Cholesterol', 'Total score [MMSE]',
       'Triglycerides', 'Urea Nitrogen', 'Walnut IgE Ab in Serum',
       'Wheat IgE Ab in Serum', 'White oak IgE Ab in Serum'],
      dtype='object', name='obs_name')
INFO:root:Count of rows for modeling obs_name
Blood Pressure                              83
Body Height                                 83
Body Weight                                 83
Body Mass Index                             80
High Density Lipoprotein Cholesterol        49
Low Density Lipoprotein Cholesterol         49
Triglycerides                               49
Total Cholesterol                           49
Oral temperature                            33
Hemoglobin A1c_Hemoglobin_total in Blood    17
Creatinine                                  17
dtype: int64
INFO:root:Bsst model XGBRegressor(base_score=0.5, booster='gblinear', colsample_bylevel=1,
             colsample_bynode=1, colsample_bytree=1, gamma=0,
             importance_type='gain', learning_rate=0.1, max_delta_step=0,
             max_depth=2, min_child_weight=1, missing=None, n_estimators=200,
             n_jobs=1, nthread=None, objective='reg:squarederror',
             random_state=0, reg_alpha=0, reg_lambda=1, scale_pos_weight=1,
             seed=None, silent=None, subsample=0.1, verbosity=1)
INFO:werkzeug: * Running on http://0.0.0.0:5000/ (Press CTRL+C to quit)
INFO:root:23.738162994384766
INFO:werkzeug:127.0.0.1 - - [12/May/2020 23:32:40] "[37mPOST /receiver HTTP/1.1[0m" 200 -
INFO:root:************ 12/05/2020 23:35:03 Data loading and transformation
INFO:root:The count of rows = patient_name    3417
obs_code        3417
obs_name        3417
obs_date        3417
obs_value       3417
obs_unit        3407
dtype: int64
INFO:root:The column names are Index(['patient_name', 'obs_code', 'obs_name', 'obs_date', 'obs_value',
       'obs_unit'],
      dtype='object')
INFO:root:The transformed column names Index(['Abuse Status [OMAHA]', 'American house dust mite IgE Ab in Serum',
       'Are you covered by health insurance or some other kind of health care plan [PhenX]',
       'Blood Pressure', 'Body Height', 'Body Mass Index', 'Body Weight',
       'Calcium', 'Carbon Dioxide', 'Cat dander IgE Ab in Serum',
       'Cause of Death [US Standard Certificate of Death]', 'Chloride',
       'Cladosporium herbarum IgE Ab in Serum', 'Codfish IgE Ab in Serum',
       'Common Ragweed IgE Ab in Serum', 'Cow milk IgE Ab in Serum',
       'Creatinine', 'Egg white IgE Ab in Serum',
       'Estimated Glomerular Filtration Rate', 'FEV1_​FVC', 'Glucose',
       'HIV status', 'Hemoglobin A1c_Hemoglobin_total in Blood',
       'Hemoglobin_gastrointestinal [Presence] in Stool by Immunologic method',
       'High Density Lipoprotein Cholesterol',
       'History of Hospitalizations+​Outpatient visits',
       'Honey bee IgE Ab in Serum', 'Housing status', 'Latex IgE Ab in Serum',
       'Low Density Lipoprotein Cholesterol', 'Microalbumin Creatine Ratio',
       'Oral temperature', 'Peanut IgE Ab in Serum',
       'Percentage area affected by eczema Head and Neck',
       'Percentage area affected by eczema Lower extremitiy - bilateral',
       'Percentage area affected by eczema Trunk',
       'Percentage area affected by eczema Upper extremitiy - bilateral',
       'Polyp size greatest dimension by CAP cancer protocols', 'Potassium',
       'Sexual orientation', 'Shrimp IgE Ab in Serum', 'Sodium',
       'Soybean IgE Ab in Serum', 'Total Cholesterol', 'Total score [MMSE]',
       'Triglycerides', 'Urea Nitrogen', 'Walnut IgE Ab in Serum',
       'Wheat IgE Ab in Serum', 'White oak IgE Ab in Serum'],
      dtype='object', name='obs_name')
INFO:root:Count of rows for modeling obs_name
Blood Pressure                              83
Body Height                                 83
Body Weight                                 83
Body Mass Index                             80
High Density Lipoprotein Cholesterol        49
Low Density Lipoprotein Cholesterol         49
Triglycerides                               49
Total Cholesterol                           49
Oral temperature                            33
Hemoglobin A1c_Hemoglobin_total in Blood    17
Creatinine                                  17
dtype: int64
INFO:root:Bsst model XGBRegressor(base_score=0.5, booster='gblinear', colsample_bylevel=1,
             colsample_bynode=1, colsample_bytree=1, gamma=0,
             importance_type='gain', learning_rate=0.1, max_delta_step=0,
             max_depth=2, min_child_weight=1, missing=None, n_estimators=200,
             n_jobs=1, nthread=None, objective='reg:squarederror',
             random_state=0, reg_alpha=0, reg_lambda=1, scale_pos_weight=1,
             seed=None, silent=None, subsample=0.1, verbosity=1)
INFO:werkzeug: * Running on http://0.0.0.0:5000/ (Press CTRL+C to quit)
INFO:root:23.738162994384766
INFO:werkzeug:127.0.0.1 - - [12/May/2020 23:35:06] "[37mPOST /receiver HTTP/1.1[0m" 200 -
INFO:root:************ 12/05/2020 23:45:42 Data loading and transformation
INFO:root:The count of rows = patient_name    3417
obs_code        3417
obs_name        3417
obs_date        3417
obs_value       3417
obs_unit        3407
dtype: int64
INFO:root:The column names are Index(['patient_name', 'obs_code', 'obs_name', 'obs_date', 'obs_value',
       'obs_unit'],
      dtype='object')
INFO:root:The transformed column names Index(['Abuse Status [OMAHA]', 'American house dust mite IgE Ab in Serum',
       'Are you covered by health insurance or some other kind of health care plan [PhenX]',
       'Blood Pressure', 'Body Height', 'Body Mass Index', 'Body Weight',
       'Calcium', 'Carbon Dioxide', 'Cat dander IgE Ab in Serum',
       'Cause of Death [US Standard Certificate of Death]', 'Chloride',
       'Cladosporium herbarum IgE Ab in Serum', 'Codfish IgE Ab in Serum',
       'Common Ragweed IgE Ab in Serum', 'Cow milk IgE Ab in Serum',
       'Creatinine', 'Egg white IgE Ab in Serum',
       'Estimated Glomerular Filtration Rate', 'FEV1_​FVC', 'Glucose',
       'HIV status', 'Hemoglobin A1c_Hemoglobin_total in Blood',
       'Hemoglobin_gastrointestinal [Presence] in Stool by Immunologic method',
       'High Density Lipoprotein Cholesterol',
       'History of Hospitalizations+​Outpatient visits',
       'Honey bee IgE Ab in Serum', 'Housing status', 'Latex IgE Ab in Serum',
       'Low Density Lipoprotein Cholesterol', 'Microalbumin Creatine Ratio',
       'Oral temperature', 'Peanut IgE Ab in Serum',
       'Percentage area affected by eczema Head and Neck',
       'Percentage area affected by eczema Lower extremitiy - bilateral',
       'Percentage area affected by eczema Trunk',
       'Percentage area affected by eczema Upper extremitiy - bilateral',
       'Polyp size greatest dimension by CAP cancer protocols', 'Potassium',
       'Sexual orientation', 'Shrimp IgE Ab in Serum', 'Sodium',
       'Soybean IgE Ab in Serum', 'Total Cholesterol', 'Total score [MMSE]',
       'Triglycerides', 'Urea Nitrogen', 'Walnut IgE Ab in Serum',
       'Wheat IgE Ab in Serum', 'White oak IgE Ab in Serum'],
      dtype='object', name='obs_name')
INFO:root:Count of rows for modeling obs_name
Blood Pressure                              83
Body Height                                 83
Body Weight                                 83
Body Mass Index                             80
High Density Lipoprotein Cholesterol        49
Low Density Lipoprotein Cholesterol         49
Triglycerides                               49
Total Cholesterol                           49
Oral temperature                            33
Hemoglobin A1c_Hemoglobin_total in Blood    17
Creatinine                                  17
dtype: int64
INFO:root:Bsst model XGBRegressor(base_score=0.5, booster='gblinear', colsample_bylevel=1,
             colsample_bynode=1, colsample_bytree=1, gamma=0,
             importance_type='gain', learning_rate=0.1, max_delta_step=0,
             max_depth=2, min_child_weight=1, missing=None, n_estimators=200,
             n_jobs=1, nthread=None, objective='reg:squarederror',
             random_state=0, reg_alpha=0, reg_lambda=1, scale_pos_weight=1,
             seed=None, silent=None, subsample=0.1, verbosity=1)
INFO:werkzeug: * Running on http://0.0.0.0:5000/ (Press CTRL+C to quit)
INFO:root:112.19613647460938
INFO:werkzeug:127.0.0.1 - - [12/May/2020 23:45:56] "[37mPOST /receiver HTTP/1.1[0m" 200 -
INFO:root:************ 13/05/2020 17:06:07 Data loading and transformation
INFO:root:The count of rows = patient_name    3417
obs_code        3417
obs_name        3417
obs_date        3417
obs_value       3417
obs_unit        3407
dtype: int64
INFO:root:The column names are Index(['patient_name', 'obs_code', 'obs_name', 'obs_date', 'obs_value',
       'obs_unit'],
      dtype='object')
INFO:root:The transformed column names Index(['Abuse Status [OMAHA]', 'American house dust mite IgE Ab in Serum',
       'Are you covered by health insurance or some other kind of health care plan [PhenX]',
       'Blood Pressure', 'Body Height', 'Body Mass Index', 'Body Weight',
       'Calcium', 'Carbon Dioxide', 'Cat dander IgE Ab in Serum',
       'Cause of Death [US Standard Certificate of Death]', 'Chloride',
       'Cladosporium herbarum IgE Ab in Serum', 'Codfish IgE Ab in Serum',
       'Common Ragweed IgE Ab in Serum', 'Cow milk IgE Ab in Serum',
       'Creatinine', 'Egg white IgE Ab in Serum',
       'Estimated Glomerular Filtration Rate', 'FEV1_​FVC', 'Glucose',
       'HIV status', 'Hemoglobin A1c_Hemoglobin_total in Blood',
       'Hemoglobin_gastrointestinal [Presence] in Stool by Immunologic method',
       'High Density Lipoprotein Cholesterol',
       'History of Hospitalizations+​Outpatient visits',
       'Honey bee IgE Ab in Serum', 'Housing status', 'Latex IgE Ab in Serum',
       'Low Density Lipoprotein Cholesterol', 'Microalbumin Creatine Ratio',
       'Oral temperature', 'Peanut IgE Ab in Serum',
       'Percentage area affected by eczema Head and Neck',
       'Percentage area affected by eczema Lower extremitiy - bilateral',
       'Percentage area affected by eczema Trunk',
       'Percentage area affected by eczema Upper extremitiy - bilateral',
       'Polyp size greatest dimension by CAP cancer protocols', 'Potassium',
       'Sexual orientation', 'Shrimp IgE Ab in Serum', 'Sodium',
       'Soybean IgE Ab in Serum', 'Total Cholesterol', 'Total score [MMSE]',
       'Triglycerides', 'Urea Nitrogen', 'Walnut IgE Ab in Serum',
       'Wheat IgE Ab in Serum', 'White oak IgE Ab in Serum'],
      dtype='object', name='obs_name')
INFO:root:Count of rows for modeling obs_name
Blood Pressure                              83
Body Height                                 83
Body Weight                                 83
Body Mass Index                             80
High Density Lipoprotein Cholesterol        49
Low Density Lipoprotein Cholesterol         49
Triglycerides                               49
Total Cholesterol                           49
Oral temperature                            33
Hemoglobin A1c_Hemoglobin_total in Blood    17
Creatinine                                  17
dtype: int64
INFO:root:Bsst model XGBRegressor(base_score=0.5, booster='gblinear', colsample_bylevel=1,
             colsample_bynode=1, colsample_bytree=1, gamma=0,
             importance_type='gain', learning_rate=0.1, max_delta_step=0,
             max_depth=2, min_child_weight=1, missing=None, n_estimators=200,
             n_jobs=1, nthread=None, objective='reg:squarederror',
             random_state=0, reg_alpha=0, reg_lambda=1, scale_pos_weight=1,
             seed=None, silent=None, subsample=0.1, verbosity=1)
INFO:werkzeug: * Running on http://0.0.0.0:5000/ (Press CTRL+C to quit)
INFO:root:************ 14/05/2020 00:15:14 Data loading and transformation
INFO:root:The count of rows = patient_name    3417
obs_code        3417
obs_name        3417
obs_date        3417
obs_value       3417
obs_unit        3407
dtype: int64
INFO:root:The column names are Index(['patient_name', 'obs_code', 'obs_name', 'obs_date', 'obs_value',
       'obs_unit'],
      dtype='object')
INFO:root:The transformed column names Index(['Abuse Status [OMAHA]', 'American house dust mite IgE Ab in Serum',
       'Are you covered by health insurance or some other kind of health care plan [PhenX]',
       'Blood Pressure', 'Body Height', 'Body Mass Index', 'Body Weight',
       'Calcium', 'Carbon Dioxide', 'Cat dander IgE Ab in Serum',
       'Cause of Death [US Standard Certificate of Death]', 'Chloride',
       'Cladosporium herbarum IgE Ab in Serum', 'Codfish IgE Ab in Serum',
       'Common Ragweed IgE Ab in Serum', 'Cow milk IgE Ab in Serum',
       'Creatinine', 'Egg white IgE Ab in Serum',
       'Estimated Glomerular Filtration Rate', 'FEV1_​FVC', 'Glucose',
       'HIV status', 'Hemoglobin A1c_Hemoglobin_total in Blood',
       'Hemoglobin_gastrointestinal [Presence] in Stool by Immunologic method',
       'High Density Lipoprotein Cholesterol',
       'History of Hospitalizations+​Outpatient visits',
       'Honey bee IgE Ab in Serum', 'Housing status', 'Latex IgE Ab in Serum',
       'Low Density Lipoprotein Cholesterol', 'Microalbumin Creatine Ratio',
       'Oral temperature', 'Peanut IgE Ab in Serum',
       'Percentage area affected by eczema Head and Neck',
       'Percentage area affected by eczema Lower extremitiy - bilateral',
       'Percentage area affected by eczema Trunk',
       'Percentage area affected by eczema Upper extremitiy - bilateral',
       'Polyp size greatest dimension by CAP cancer protocols', 'Potassium',
       'Sexual orientation', 'Shrimp IgE Ab in Serum', 'Sodium',
       'Soybean IgE Ab in Serum', 'Total Cholesterol', 'Total score [MMSE]',
       'Triglycerides', 'Urea Nitrogen', 'Walnut IgE Ab in Serum',
       'Wheat IgE Ab in Serum', 'White oak IgE Ab in Serum'],
      dtype='object', name='obs_name')
INFO:root:Count of rows for modeling obs_name
Blood Pressure                              83
Body Height                                 83
Body Weight                                 83
Body Mass Index                             80
High Density Lipoprotein Cholesterol        49
Low Density Lipoprotein Cholesterol         49
Triglycerides                               49
Total Cholesterol                           49
Oral temperature                            33
Hemoglobin A1c_Hemoglobin_total in Blood    17
Creatinine                                  17
dtype: int64
INFO:root:Bsst model XGBRegressor(base_score=0.5, booster='gblinear', colsample_bylevel=1,
             colsample_bynode=1, colsample_bytree=1, gamma=0,
             importance_type='gain', learning_rate=0.1, max_delta_step=0,
             max_depth=2, min_child_weight=1, missing=None, n_estimators=200,
             n_jobs=1, nthread=None, objective='reg:squarederror',
             random_state=0, reg_alpha=0, reg_lambda=1, scale_pos_weight=1,
             seed=None, silent=None, subsample=0.1, verbosity=1)
INFO:werkzeug: * Running on http://0.0.0.0:5000/ (Press CTRL+C to quit)
